[debug] [2019-04-22T10:50:35.519Z] ----------------------------------------------------------------------
[debug] [2019-04-22T10:50:35.521Z] Command:       /usr/local/Cellar/node/11.9.0/bin/node /usr/local/bin/firebase serve
[debug] [2019-04-22T10:50:35.521Z] CLI Version:   6.7.0
[debug] [2019-04-22T10:50:35.521Z] Platform:      darwin
[debug] [2019-04-22T10:50:35.521Z] Node Version:  v11.9.0
[debug] [2019-04-22T10:50:35.522Z] Time:          Mon Apr 22 2019 19:50:35 GMT+0900 (日本標準時)
[debug] [2019-04-22T10:50:35.522Z] ----------------------------------------------------------------------
[debug] 
[debug] [2019-04-22T10:50:35.534Z] > command requires scopes: ["email","openid","https://www.googleapis.com/auth/cloudplatformprojects.readonly","https://www.googleapis.com/auth/firebase","https://www.googleapis.com/auth/cloud-platform"]
[debug] [2019-04-22T10:50:35.535Z] > authorizing via signed-in user
[debug] [2019-04-22T10:50:35.535Z] [iam] checking project crime-map-app for permissions ["firebase.projects.get"]
[debug] [2019-04-22T10:50:35.537Z] > refreshing access token with scopes: ["email","https://www.googleapis.com/auth/cloud-platform","https://www.googleapis.com/auth/cloudplatformprojects.readonly","https://www.googleapis.com/auth/firebase","openid"]
[debug] [2019-04-22T10:50:35.537Z] >>> HTTP REQUEST POST https://www.googleapis.com/oauth2/v3/token  
 <request body omitted>
[debug] [2019-04-22T10:50:36.145Z] <<< HTTP RESPONSE 200
[debug] [2019-04-22T10:50:36.185Z] >>> HTTP REQUEST POST https://cloudresourcemanager.googleapis.com/v1/projects/crime-map-app:testIamPermissions  

[debug] [2019-04-22T10:50:37.459Z] <<< HTTP RESPONSE 200
[debug] [2019-04-22T10:50:37.460Z] >>> HTTP REQUEST GET https://cloudresourcemanager.googleapis.com/v1/projects/crime-map-app  
 
[debug] [2019-04-22T10:50:38.520Z] <<< HTTP RESPONSE 200
[info] 
[info] === Serving from '/Users/takukuro/develop/crime-map-app'...
[info] 
[debug] [2019-04-22T10:50:38.522Z] >>> HTTP REQUEST GET https://mobilesdk-pa.googleapis.com/v1/projects/1067626853215/clients/_:getWebAppConfig  
 
[debug] [2019-04-22T10:50:39.867Z] <<< HTTP RESPONSE 200
[info] i  hosting: Serving hosting files from: public
[info] ✔  hosting: Local server: http://localhost:5000
